make: jq: Command not found

make: Entering directory `/Users/alex/projects/rocker-versioned2'

make: jq: Command not found
make: Entering directory `/Users/alex/projects/rocker-versioned2'

make: jq: Command not found

make: Entering directory `/Users/alex/projects/rocker-versioned2'

make: jq: Command not found
make: Entering directory `/Users/alex/projects/rocker-versioned2'

make: jq: Command not found
make: Entering directory `/Users/alex/projects/rocker-versioned2'
make: jq: Command not found
make: Entering directory `/Users/alex/projects/rocker-versioned2'
make: jq: Command not found
make: Entering directory `/Users/alex/projects/rocker-versioned2'
make: jq: Command not found
make: Entering directory `/Users/alex/projects/rocker-versioned2'
make: jq: Command not found
make: Entering directory `/Users/alex/projects/rocker-versioned2'
make: jq: Command not found
make: Entering directory `/Users/alex/projects/rocker-versioned2'
make: jq: Command not found
make: Entering directory `/Users/alex/projects/rocker-versioned2'
make: jq: Command not found
make: Entering directory `/Users/alex/projects/rocker-versioned2'

make: jq: Command not found
make: Entering directory `/Users/alex/projects/rocker-versioned2'

make: jq: Command not found
make: Entering directory `/Users/alex/projects/rocker-versioned2'

make: jq: Command not found
make: Entering directory `/Users/alex/projects/rocker-versioned2'

make: jq: Command not found

make: Entering directory `/Users/alex/projects/rocker-versioned2'

make: jq: Command not found
make: Entering directory `/Users/alex/projects/rocker-versioned2'

make: jq: Command not found
make: Entering directory `/Users/alex/projects/rocker-versioned2'

make: jq: Command not found
make: Entering directory `/Users/alex/projects/rocker-versioned2'

make: jq: Command not found
make: Entering directory `/Users/alex/projects/rocker-versioned2'

make: jq: Command not found

make: Entering directory `/Users/alex/projects/rocker-versioned2'

make: jq: Command not found

make: Entering directory `/Users/alex/projects/rocker-versioned2'
make: jq: Command not found
make: Entering directory `/Users/alex/projects/rocker-versioned2'

make: jq: Command not found
make: Entering directory `/Users/alex/projects/rocker-versioned2'

make: jq: Command not found

make: Entering directory `/Users/alex/projects/rocker-versioned2'

make: jq: Command not found

make: Entering directory `/Users/alex/projects/rocker-versioned2'

make: jq: Command not found

make: Entering directory `/Users/alex/projects/rocker-versioned2'

make: jq: Command not found

make: Entering directory `/Users/alex/projects/rocker-versioned2'

/bin/bash: jq: command not found

/bin/bash: jq: command not found

error: open : no such file or directory

/bin/bash: jq: command not found

/bin/bash: jq: command not found

make: Entering directory `/Users/alex/projects/rocker-versioned2'
make: Nothing to be done for `all'.
 
make: Leaving directory `/Users/alex/projects/rocker-versioned2'
 
